[debug] [2023-12-03T20:32:17.390Z] ----------------------------------------------------------------------
[debug] [2023-12-03T20:32:17.402Z] Command:       C:\Program Files\nodejs\node.exe C:\Users\EFO ETSE\AppData\Roaming\npm\node_modules\firebase-tools\lib\bin\firebase.js init hosting:github
[debug] [2023-12-03T20:32:17.403Z] CLI Version:   12.9.1
[debug] [2023-12-03T20:32:17.404Z] Platform:      win32
[debug] [2023-12-03T20:32:17.405Z] Node Version:  v16.14.0
[debug] [2023-12-03T20:32:17.406Z] Time:          Sun Dec 03 2023 20:32:17 GMT+0000 (Greenwich Mean Time)
[debug] [2023-12-03T20:32:17.407Z] ----------------------------------------------------------------------
[debug] 
[debug] [2023-12-03T20:32:17.715Z] > command requires scopes: ["email","openid","https://www.googleapis.com/auth/cloudplatformprojects.readonly","https://www.googleapis.com/auth/firebase","https://www.googleapis.com/auth/cloud-platform"]
[debug] [2023-12-03T20:32:17.716Z] > authorizing via signed-in user (amenyuieisrael@gmail.com)
[info] 
     ######## #### ########  ######## ########     ###     ######  ########
     ##        ##  ##     ## ##       ##     ##  ##   ##  ##       ##
     ######    ##  ########  ######   ########  #########  ######  ######
     ##        ##  ##    ##  ##       ##     ## ##     ##       ## ##
     ##       #### ##     ## ######## ########  ##     ##  ######  ########

You're about to initialize a Firebase project in this directory:

  D:\0000My Projects\isightblog\client

Before we get started, keep in mind:

  * You are initializing within an existing Firebase project directory

[info] 
=== Project Setup
[info] 
[info] First, let's associate this project directory with a Firebase project.
[info] You can create multiple project aliases by running firebase use --add, 
[info] but for now we'll just set up a default project.
[info] 
[debug] [2023-12-03T20:32:31.166Z] Using project from CLI flag: apptesting-3dac2
[debug] [2023-12-03T20:32:31.175Z] >>> [apiv2][query] GET https://firebase.googleapis.com/v1beta1/projects/apptesting-3dac2 [none]
